17:47:05.579 [main] FATAL easyconduite.util.LoggingUtilTest - LoggingUtil.setLog4jLevel to FATAL
17:47:09.608 [JavaFX Application Thread] DEBUG easyconduite.controllers.EasyconduiteController - Controler initialisation
17:47:09.615 [JavaFX Application Thread] TRACE easyconduite.controllers.EasyconduiteController - Bundle fr loaded
17:47:22.061 [JavaFX Application Thread] DEBUG easyconduite.controllers.EasyconduiteController - handlePreferences called
17:47:27.627 [JavaFX Application Thread] DEBUG easyconduite.controllers.PreferencesController - handleClickOk called
18:55:09.752 [main] FATAL easyconduite.util.LoggingUtilTest - LoggingUtil.setLog4jLevel to FATAL
18:55:13.419 [JavaFX Application Thread] DEBUG easyconduite.controllers.EasyconduiteController - Controler initialisation
18:55:13.426 [JavaFX Application Thread] TRACE easyconduite.controllers.EasyconduiteController - Bundle fr loaded
18:55:25.324 [JavaFX Application Thread] INFO  easyconduite.ui.AudioMediaUI - Construct an AudioMedia AudioMedia{uniqueId=c30d0a2d-e9b0-4bcd-99b7-782d1c300715, filePathName=C:\Users\antony\Desktop\cheramour2009.wav, audioDuration=1.0 ms, fadeInDuration=ObjectProperty [value: 0.0 ms], fadeOutDuration=ObjectProperty [value: 0.0 ms], repeatable=BooleanProperty [value: false], volume=DoubleProperty [value: 0.5], name=StringProperty [value: cheramour2009.wav], keycode=ObjectProperty [value: null]}
18:55:25.325 [JavaFX Application Thread] DEBUG easyconduite.ui.controls.EasyconduitePlayer - Construct EasyconduitePlayer with AudioMedia[AudioMedia{uniqueId=c30d0a2d-e9b0-4bcd-99b7-782d1c300715, filePathName=C:\Users\antony\Desktop\cheramour2009.wav, audioDuration=1.0 ms, fadeInDuration=ObjectProperty [value: 0.0 ms], fadeOutDuration=ObjectProperty [value: 0.0 ms], repeatable=BooleanProperty [value: false], volume=DoubleProperty [value: 0.5], name=StringProperty [value: cheramour2009.wav], keycode=ObjectProperty [value: null]}]
18:55:25.403 [JavaFX Application Thread] DEBUG easyconduite.controllers.EasyconduiteController - AudioMedia AudioMedia{uniqueId=c30d0a2d-e9b0-4bcd-99b7-782d1c300715, filePathName=C:\Users\antony\Desktop\cheramour2009.wav, audioDuration=1.0 ms, fadeInDuration=ObjectProperty [value: 0.0 ms], fadeOutDuration=ObjectProperty [value: 0.0 ms], repeatable=BooleanProperty [value: false], volume=DoubleProperty [value: 0.5], name=StringProperty [value: cheramour2009.wav], keycode=ObjectProperty [value: null]} added to AudioTable
18:55:29.836 [JavaFX Application Thread] INFO  easyconduite.ui.AudioMediaUI - Construct an AudioMedia AudioMedia{uniqueId=35fcb396-c5c2-457e-a642-de21eb0d6c98, filePathName=C:\Users\antony\Desktop\Chord Left.wav, audioDuration=1.0 ms, fadeInDuration=ObjectProperty [value: 0.0 ms], fadeOutDuration=ObjectProperty [value: 0.0 ms], repeatable=BooleanProperty [value: false], volume=DoubleProperty [value: 0.5], name=StringProperty [value: Chord Left.wav], keycode=ObjectProperty [value: null]}
18:55:29.836 [JavaFX Application Thread] DEBUG easyconduite.ui.controls.EasyconduitePlayer - Construct EasyconduitePlayer with AudioMedia[AudioMedia{uniqueId=35fcb396-c5c2-457e-a642-de21eb0d6c98, filePathName=C:\Users\antony\Desktop\Chord Left.wav, audioDuration=1.0 ms, fadeInDuration=ObjectProperty [value: 0.0 ms], fadeOutDuration=ObjectProperty [value: 0.0 ms], repeatable=BooleanProperty [value: false], volume=DoubleProperty [value: 0.5], name=StringProperty [value: Chord Left.wav], keycode=ObjectProperty [value: null]}]
18:55:29.846 [JavaFX Application Thread] DEBUG easyconduite.controllers.EasyconduiteController - AudioMedia AudioMedia{uniqueId=35fcb396-c5c2-457e-a642-de21eb0d6c98, filePathName=C:\Users\antony\Desktop\Chord Left.wav, audioDuration=1.0 ms, fadeInDuration=ObjectProperty [value: 0.0 ms], fadeOutDuration=ObjectProperty [value: 0.0 ms], repeatable=BooleanProperty [value: false], volume=DoubleProperty [value: 0.5], name=StringProperty [value: Chord Left.wav], keycode=ObjectProperty [value: null]} added to AudioTable
18:55:34.236 [JavaFX Application Thread] INFO  easyconduite.ui.AudioMediaUI - Construct an AudioMedia AudioMedia{uniqueId=644152d7-4acb-4af9-aedc-1b56ea53934f, filePathName=C:\Users\antony\Desktop\422.wav, audioDuration=1.0 ms, fadeInDuration=ObjectProperty [value: 0.0 ms], fadeOutDuration=ObjectProperty [value: 0.0 ms], repeatable=BooleanProperty [value: false], volume=DoubleProperty [value: 0.5], name=StringProperty [value: 422.wav], keycode=ObjectProperty [value: null]}
18:55:34.237 [JavaFX Application Thread] DEBUG easyconduite.ui.controls.EasyconduitePlayer - Construct EasyconduitePlayer with AudioMedia[AudioMedia{uniqueId=644152d7-4acb-4af9-aedc-1b56ea53934f, filePathName=C:\Users\antony\Desktop\422.wav, audioDuration=1.0 ms, fadeInDuration=ObjectProperty [value: 0.0 ms], fadeOutDuration=ObjectProperty [value: 0.0 ms], repeatable=BooleanProperty [value: false], volume=DoubleProperty [value: 0.5], name=StringProperty [value: 422.wav], keycode=ObjectProperty [value: null]}]
18:55:34.246 [JavaFX Application Thread] DEBUG easyconduite.controllers.EasyconduiteController - AudioMedia AudioMedia{uniqueId=644152d7-4acb-4af9-aedc-1b56ea53934f, filePathName=C:\Users\antony\Desktop\422.wav, audioDuration=1.0 ms, fadeInDuration=ObjectProperty [value: 0.0 ms], fadeOutDuration=ObjectProperty [value: 0.0 ms], repeatable=BooleanProperty [value: false], volume=DoubleProperty [value: 0.5], name=StringProperty [value: 422.wav], keycode=ObjectProperty [value: null]} added to AudioTable
18:55:39.898 [JavaFX Application Thread] DEBUG easyconduite.ui.TrackConfigDialogUI - TrackConfigDialogUI with AudioMedia[C:\Users\antony\Desktop\cheramour2009.wav] and EasyconduiteController[EasyconduiteController@451aad7]
18:55:39.980 [JavaFX Application Thread] TRACE easyconduite.controllers.TrackConfigController - TrackConfigController initialized
18:55:39.982 [JavaFX Application Thread] TRACE easyconduite.controllers.TrackConfigController - UI initialized, setting up UI with newMedia values
18:55:45.042 [JavaFX Application Thread] TRACE easyconduite.objects.AudioTable - AudioTable updated...
18:55:45.042 [JavaFX Application Thread] TRACE easyconduite.controllers.TrackConfigController - After config, AudioMedia is ObjectProperty [value: AudioMedia{uniqueId=c30d0a2d-e9b0-4bcd-99b7-782d1c300715, filePathName=C:\Users\antony\Desktop\cheramour2009.wav, audioDuration=299885.714286 ms, fadeInDuration=ObjectProperty [value: 0.0 ms], fadeOutDuration=ObjectProperty [value: 0.0 ms], repeatable=BooleanProperty [value: false], volume=DoubleProperty [value: 0.5], name=StringProperty [value: cheramour2009.wav], keycode=ObjectProperty [value: C]}]
18:55:45.044 [JavaFX Application Thread] TRACE easyconduite.controllers.EasyconduiteController - After config, AudioMedia is AudioMedia{uniqueId=c30d0a2d-e9b0-4bcd-99b7-782d1c300715, filePathName=C:\Users\antony\Desktop\cheramour2009.wav, audioDuration=299885.714286 ms, fadeInDuration=ObjectProperty [value: 0.0 ms], fadeOutDuration=ObjectProperty [value: 0.0 ms], repeatable=BooleanProperty [value: false], volume=DoubleProperty [value: 0.5], name=StringProperty [value: cheramour2009.wav], keycode=ObjectProperty [value: C]}
18:55:46.658 [JavaFX Application Thread] DEBUG easyconduite.ui.TrackConfigDialogUI - TrackConfigDialogUI with AudioMedia[C:\Users\antony\Desktop\Chord Left.wav] and EasyconduiteController[EasyconduiteController@451aad7]
18:55:46.679 [JavaFX Application Thread] TRACE easyconduite.controllers.TrackConfigController - TrackConfigController initialized
18:55:46.679 [JavaFX Application Thread] TRACE easyconduite.controllers.TrackConfigController - UI initialized, setting up UI with newMedia values
18:55:49.851 [JavaFX Application Thread] TRACE easyconduite.objects.AudioTable - AudioTable updated...
18:55:49.851 [JavaFX Application Thread] TRACE easyconduite.controllers.TrackConfigController - After config, AudioMedia is ObjectProperty [value: AudioMedia{uniqueId=35fcb396-c5c2-457e-a642-de21eb0d6c98, filePathName=C:\Users\antony\Desktop\Chord Left.wav, audioDuration=149986.666667 ms, fadeInDuration=ObjectProperty [value: 0.0 ms], fadeOutDuration=ObjectProperty [value: 0.0 ms], repeatable=BooleanProperty [value: false], volume=DoubleProperty [value: 0.5], name=StringProperty [value: Chord Left.wav], keycode=ObjectProperty [value: L]}]
18:55:49.851 [JavaFX Application Thread] TRACE easyconduite.controllers.EasyconduiteController - After config, AudioMedia is AudioMedia{uniqueId=35fcb396-c5c2-457e-a642-de21eb0d6c98, filePathName=C:\Users\antony\Desktop\Chord Left.wav, audioDuration=149986.666667 ms, fadeInDuration=ObjectProperty [value: 0.0 ms], fadeOutDuration=ObjectProperty [value: 0.0 ms], repeatable=BooleanProperty [value: false], volume=DoubleProperty [value: 0.5], name=StringProperty [value: Chord Left.wav], keycode=ObjectProperty [value: L]}
18:55:50.835 [JavaFX Application Thread] DEBUG easyconduite.ui.TrackConfigDialogUI - TrackConfigDialogUI with AudioMedia[C:\Users\antony\Desktop\422.wav] and EasyconduiteController[EasyconduiteController@451aad7]
18:55:50.855 [JavaFX Application Thread] TRACE easyconduite.controllers.TrackConfigController - TrackConfigController initialized
18:55:50.856 [JavaFX Application Thread] TRACE easyconduite.controllers.TrackConfigController - UI initialized, setting up UI with newMedia values
18:55:55.405 [JavaFX Application Thread] TRACE easyconduite.objects.AudioTable - AudioTable updated...
18:55:55.405 [JavaFX Application Thread] TRACE easyconduite.controllers.TrackConfigController - After config, AudioMedia is ObjectProperty [value: AudioMedia{uniqueId=644152d7-4acb-4af9-aedc-1b56ea53934f, filePathName=C:\Users\antony\Desktop\422.wav, audioDuration=1253.8775520000002 ms, fadeInDuration=ObjectProperty [value: 0.0 ms], fadeOutDuration=ObjectProperty [value: 0.0 ms], repeatable=BooleanProperty [value: false], volume=DoubleProperty [value: 0.5], name=StringProperty [value: 422.wav], keycode=ObjectProperty [value: B]}]
18:55:55.405 [JavaFX Application Thread] TRACE easyconduite.controllers.EasyconduiteController - After config, AudioMedia is AudioMedia{uniqueId=644152d7-4acb-4af9-aedc-1b56ea53934f, filePathName=C:\Users\antony\Desktop\422.wav, audioDuration=1253.8775520000002 ms, fadeInDuration=ObjectProperty [value: 0.0 ms], fadeOutDuration=ObjectProperty [value: 0.0 ms], repeatable=BooleanProperty [value: false], volume=DoubleProperty [value: 0.5], name=StringProperty [value: 422.wav], keycode=ObjectProperty [value: B]}
18:55:57.917 [JavaFX Application Thread] TRACE easyconduite.controllers.EasyconduiteController - Key C was pressed playpause AudioMediaUI@11c8e3ab[styleClass=track-vbox]
18:55:59.809 [JavaFX Application Thread] TRACE easyconduite.controllers.EasyconduiteController - Key L was pressed playpause AudioMediaUI@4cc1b93[styleClass=track-vbox]
18:56:01.905 [JavaFX Application Thread] TRACE easyconduite.controllers.EasyconduiteController - Key B was pressed playpause AudioMediaUI@145f1817[styleClass=track-vbox]
18:56:04.241 [JavaFX Application Thread] TRACE easyconduite.controllers.EasyconduiteController - Key B was pressed playpause AudioMediaUI@145f1817[styleClass=track-vbox]
18:56:05.931 [JavaFX Application Thread] TRACE easyconduite.controllers.EasyconduiteController - Key B was pressed playpause AudioMediaUI@145f1817[styleClass=track-vbox]
18:56:06.961 [JavaFX Application Thread] TRACE easyconduite.controllers.EasyconduiteController - Key B was pressed playpause AudioMediaUI@145f1817[styleClass=track-vbox]
18:56:08.651 [JavaFX Application Thread] TRACE easyconduite.controllers.EasyconduiteController - Key C was pressed playpause AudioMediaUI@11c8e3ab[styleClass=track-vbox]
18:56:17.760 [JavaFX Application Thread] TRACE easyconduite.objects.AudioTable - AudioTable updated...
18:56:21.336 [JavaFX Application Thread] DEBUG easyconduite.ui.TrackConfigDialogUI - TrackConfigDialogUI with AudioMedia[C:\Users\antony\Desktop\Chord Left.wav] and EasyconduiteController[EasyconduiteController@451aad7]
18:56:21.352 [JavaFX Application Thread] TRACE easyconduite.controllers.TrackConfigController - TrackConfigController initialized
18:56:21.352 [JavaFX Application Thread] TRACE easyconduite.controllers.TrackConfigController - UI initialized, setting up UI with newMedia values
18:56:26.081 [JavaFX Application Thread] TRACE easyconduite.objects.AudioTable - AudioTable updated...
18:56:26.081 [JavaFX Application Thread] TRACE easyconduite.controllers.TrackConfigController - After config, AudioMedia is ObjectProperty [value: AudioMedia{uniqueId=35fcb396-c5c2-457e-a642-de21eb0d6c98, filePathName=C:\Users\antony\Desktop\Chord Left.wav, audioDuration=149986.666667 ms, fadeInDuration=ObjectProperty [value: 5000.0 ms], fadeOutDuration=ObjectProperty [value: 0.0 ms], repeatable=BooleanProperty [value: false], volume=DoubleProperty [value: 0.13372093023255816], name=StringProperty [value: Chord Left.wav], keycode=ObjectProperty [value: L]}]
18:56:26.082 [JavaFX Application Thread] TRACE easyconduite.controllers.EasyconduiteController - After config, AudioMedia is AudioMedia{uniqueId=35fcb396-c5c2-457e-a642-de21eb0d6c98, filePathName=C:\Users\antony\Desktop\Chord Left.wav, audioDuration=149986.666667 ms, fadeInDuration=ObjectProperty [value: 5000.0 ms], fadeOutDuration=ObjectProperty [value: 0.0 ms], repeatable=BooleanProperty [value: false], volume=DoubleProperty [value: 0.13372093023255816], name=StringProperty [value: Chord Left.wav], keycode=ObjectProperty [value: L]}
18:56:32.354 [JavaFX Application Thread] DEBUG easyconduite.ui.TrackConfigDialogUI - TrackConfigDialogUI with AudioMedia[C:\Users\antony\Desktop\422.wav] and EasyconduiteController[EasyconduiteController@451aad7]
18:56:32.369 [JavaFX Application Thread] TRACE easyconduite.controllers.TrackConfigController - TrackConfigController initialized
18:56:32.369 [JavaFX Application Thread] TRACE easyconduite.controllers.TrackConfigController - UI initialized, setting up UI with newMedia values
18:56:34.890 [JavaFX Application Thread] TRACE easyconduite.objects.AudioTable - AudioTable updated...
18:56:34.891 [JavaFX Application Thread] TRACE easyconduite.controllers.TrackConfigController - After config, AudioMedia is ObjectProperty [value: AudioMedia{uniqueId=644152d7-4acb-4af9-aedc-1b56ea53934f, filePathName=C:\Users\antony\Desktop\422.wav, audioDuration=1253.8775520000002 ms, fadeInDuration=ObjectProperty [value: 0.0 ms], fadeOutDuration=ObjectProperty [value: 0.0 ms], repeatable=BooleanProperty [value: true], volume=DoubleProperty [value: 0.5], name=StringProperty [value: 422.wav], keycode=ObjectProperty [value: B]}]
18:56:34.891 [JavaFX Application Thread] TRACE easyconduite.controllers.EasyconduiteController - After config, AudioMedia is AudioMedia{uniqueId=644152d7-4acb-4af9-aedc-1b56ea53934f, filePathName=C:\Users\antony\Desktop\422.wav, audioDuration=1253.8775520000002 ms, fadeInDuration=ObjectProperty [value: 0.0 ms], fadeOutDuration=ObjectProperty [value: 0.0 ms], repeatable=BooleanProperty [value: true], volume=DoubleProperty [value: 0.5], name=StringProperty [value: 422.wav], keycode=ObjectProperty [value: B]}
18:56:38.846 [JavaFX Application Thread] TRACE easyconduite.controllers.EasyconduiteController - Key C was pressed playpause AudioMediaUI@11c8e3ab[styleClass=track-vbox]
18:56:43.202 [JavaFX Application Thread] TRACE easyconduite.controllers.EasyconduiteController - Key L was pressed playpause AudioMediaUI@4cc1b93[styleClass=track-vbox]
18:56:55.450 [JavaFX Application Thread] TRACE easyconduite.controllers.EasyconduiteController - Key B was pressed playpause AudioMediaUI@145f1817[styleClass=track-vbox]
18:57:02.151 [JavaFX Application Thread] TRACE easyconduite.controllers.EasyconduiteController - Key L was pressed playpause AudioMediaUI@4cc1b93[styleClass=track-vbox]
18:57:06.523 [JavaFX Application Thread] TRACE easyconduite.controllers.EasyconduiteController - Key B was pressed playpause AudioMediaUI@145f1817[styleClass=track-vbox]
18:57:09.927 [JavaFX Application Thread] TRACE easyconduite.controllers.EasyconduiteController - Key C was pressed playpause AudioMediaUI@11c8e3ab[styleClass=track-vbox]
18:57:14.515 [JavaFX Application Thread] DEBUG easyconduite.controllers.EasyconduiteController - handleSave called
18:57:14.516 [JavaFX Application Thread] DEBUG easyconduite.controllers.EasyconduiteController - Save as.. called
18:57:21.812 [JavaFX Application Thread] DEBUG easyconduite.controllers.EasyconduiteController - handleCloseTab called
18:57:21.812 [JavaFX Application Thread] DEBUG easyconduite.controllers.EasyconduiteController - Remove AudioMedia[AudioMedia{uniqueId=c30d0a2d-e9b0-4bcd-99b7-782d1c300715, filePathName=C:\Users\antony\Desktop\cheramour2009.wav, audioDuration=299885.714286 ms, fadeInDuration=ObjectProperty [value: 0.0 ms], fadeOutDuration=ObjectProperty [value: 0.0 ms], repeatable=BooleanProperty [value: false], volume=DoubleProperty [value: 0.5], name=StringProperty [value: cheramour2009.wav], keycode=ObjectProperty [value: C]}]
18:57:21.813 [JavaFX Application Thread] TRACE easyconduite.controllers.EasyconduiteController - New audioMediaUI list size is 2 and AudioMediaList size is 2
18:57:21.813 [JavaFX Application Thread] DEBUG easyconduite.controllers.EasyconduiteController - Remove AudioMedia[AudioMedia{uniqueId=35fcb396-c5c2-457e-a642-de21eb0d6c98, filePathName=C:\Users\antony\Desktop\Chord Left.wav, audioDuration=149986.666667 ms, fadeInDuration=ObjectProperty [value: 5000.0 ms], fadeOutDuration=ObjectProperty [value: 0.0 ms], repeatable=BooleanProperty [value: false], volume=DoubleProperty [value: 0.13372093023255816], name=StringProperty [value: Chord Left.wav], keycode=ObjectProperty [value: L]}]
18:57:21.814 [JavaFX Application Thread] TRACE easyconduite.controllers.EasyconduiteController - New audioMediaUI list size is 1 and AudioMediaList size is 1
18:57:21.815 [JavaFX Application Thread] DEBUG easyconduite.controllers.EasyconduiteController - Remove AudioMedia[AudioMedia{uniqueId=644152d7-4acb-4af9-aedc-1b56ea53934f, filePathName=C:\Users\antony\Desktop\422.wav, audioDuration=1253.8775520000002 ms, fadeInDuration=ObjectProperty [value: 0.0 ms], fadeOutDuration=ObjectProperty [value: 0.0 ms], repeatable=BooleanProperty [value: true], volume=DoubleProperty [value: 0.5], name=StringProperty [value: 422.wav], keycode=ObjectProperty [value: B]}]
18:57:21.824 [JavaFX Application Thread] TRACE easyconduite.controllers.EasyconduiteController - New audioMediaUI list size is 0 and AudioMediaList size is 0
18:57:23.667 [JavaFX Application Thread] DEBUG easyconduite.controllers.EasyconduiteController - handleOpen called
18:57:26.604 [JavaFX Application Thread] DEBUG easyconduite.controllers.EasyconduiteController - handleCloseTab called
18:57:26.622 [JavaFX Application Thread] INFO  easyconduite.ui.AudioMediaUI - Construct an AudioMedia AudioMedia{uniqueId=c8c39ff8-33d3-4445-98e2-7c2cf526e79a, filePathName=C:\Users\antony\Desktop\cheramour2009.wav, audioDuration=299885.714286 ms, fadeInDuration=ObjectProperty [value: 0.0 ms], fadeOutDuration=ObjectProperty [value: 0.0 ms], repeatable=BooleanProperty [value: false], volume=DoubleProperty [value: 0.5], name=StringProperty [value: cheramour2009.wav], keycode=ObjectProperty [value: C]}
18:57:26.622 [JavaFX Application Thread] DEBUG easyconduite.ui.controls.EasyconduitePlayer - Construct EasyconduitePlayer with AudioMedia[AudioMedia{uniqueId=c8c39ff8-33d3-4445-98e2-7c2cf526e79a, filePathName=C:\Users\antony\Desktop\cheramour2009.wav, audioDuration=299885.714286 ms, fadeInDuration=ObjectProperty [value: 0.0 ms], fadeOutDuration=ObjectProperty [value: 0.0 ms], repeatable=BooleanProperty [value: false], volume=DoubleProperty [value: 0.5], name=StringProperty [value: cheramour2009.wav], keycode=ObjectProperty [value: C]}]
18:57:26.634 [JavaFX Application Thread] DEBUG easyconduite.controllers.EasyconduiteController - AudioMedia AudioMedia{uniqueId=c8c39ff8-33d3-4445-98e2-7c2cf526e79a, filePathName=C:\Users\antony\Desktop\cheramour2009.wav, audioDuration=299885.714286 ms, fadeInDuration=ObjectProperty [value: 0.0 ms], fadeOutDuration=ObjectProperty [value: 0.0 ms], repeatable=BooleanProperty [value: false], volume=DoubleProperty [value: 0.5], name=StringProperty [value: cheramour2009.wav], keycode=ObjectProperty [value: C]} added to AudioTable
18:57:26.634 [JavaFX Application Thread] INFO  easyconduite.ui.AudioMediaUI - Construct an AudioMedia AudioMedia{uniqueId=0900d186-8c1a-4473-b44f-301a1540c948, filePathName=C:\Users\antony\Desktop\Chord Left.wav, audioDuration=149986.666667 ms, fadeInDuration=ObjectProperty [value: 5000.0 ms], fadeOutDuration=ObjectProperty [value: 0.0 ms], repeatable=BooleanProperty [value: false], volume=DoubleProperty [value: 0.13372093023255816], name=StringProperty [value: Chord Left.wav], keycode=ObjectProperty [value: L]}
18:57:26.634 [JavaFX Application Thread] DEBUG easyconduite.ui.controls.EasyconduitePlayer - Construct EasyconduitePlayer with AudioMedia[AudioMedia{uniqueId=0900d186-8c1a-4473-b44f-301a1540c948, filePathName=C:\Users\antony\Desktop\Chord Left.wav, audioDuration=149986.666667 ms, fadeInDuration=ObjectProperty [value: 5000.0 ms], fadeOutDuration=ObjectProperty [value: 0.0 ms], repeatable=BooleanProperty [value: false], volume=DoubleProperty [value: 0.13372093023255816], name=StringProperty [value: Chord Left.wav], keycode=ObjectProperty [value: L]}]
18:57:26.645 [JavaFX Application Thread] DEBUG easyconduite.controllers.EasyconduiteController - AudioMedia AudioMedia{uniqueId=0900d186-8c1a-4473-b44f-301a1540c948, filePathName=C:\Users\antony\Desktop\Chord Left.wav, audioDuration=149986.666667 ms, fadeInDuration=ObjectProperty [value: 5000.0 ms], fadeOutDuration=ObjectProperty [value: 0.0 ms], repeatable=BooleanProperty [value: false], volume=DoubleProperty [value: 0.13372093023255816], name=StringProperty [value: Chord Left.wav], keycode=ObjectProperty [value: L]} added to AudioTable
18:57:26.646 [JavaFX Application Thread] INFO  easyconduite.ui.AudioMediaUI - Construct an AudioMedia AudioMedia{uniqueId=b53699df-3f26-4f33-b46e-50158960b533, filePathName=C:\Users\antony\Desktop\422.wav, audioDuration=1253.8775520000002 ms, fadeInDuration=ObjectProperty [value: 0.0 ms], fadeOutDuration=ObjectProperty [value: 0.0 ms], repeatable=BooleanProperty [value: true], volume=DoubleProperty [value: 0.5], name=StringProperty [value: 422.wav], keycode=ObjectProperty [value: B]}
18:57:26.646 [JavaFX Application Thread] DEBUG easyconduite.ui.controls.EasyconduitePlayer - Construct EasyconduitePlayer with AudioMedia[AudioMedia{uniqueId=b53699df-3f26-4f33-b46e-50158960b533, filePathName=C:\Users\antony\Desktop\422.wav, audioDuration=1253.8775520000002 ms, fadeInDuration=ObjectProperty [value: 0.0 ms], fadeOutDuration=ObjectProperty [value: 0.0 ms], repeatable=BooleanProperty [value: true], volume=DoubleProperty [value: 0.5], name=StringProperty [value: 422.wav], keycode=ObjectProperty [value: B]}]
18:57:26.656 [JavaFX Application Thread] DEBUG easyconduite.controllers.EasyconduiteController - AudioMedia AudioMedia{uniqueId=b53699df-3f26-4f33-b46e-50158960b533, filePathName=C:\Users\antony\Desktop\422.wav, audioDuration=1253.8775520000002 ms, fadeInDuration=ObjectProperty [value: 0.0 ms], fadeOutDuration=ObjectProperty [value: 0.0 ms], repeatable=BooleanProperty [value: true], volume=DoubleProperty [value: 0.5], name=StringProperty [value: 422.wav], keycode=ObjectProperty [value: B]} added to AudioTable
18:57:29.121 [JavaFX Application Thread] TRACE easyconduite.controllers.EasyconduiteController - Key B was pressed playpause AudioMediaUI@5aa80b92[styleClass=track-vbox]
18:57:31.176 [JavaFX Application Thread] TRACE easyconduite.controllers.EasyconduiteController - Key B was pressed playpause AudioMediaUI@5aa80b92[styleClass=track-vbox]
18:57:31.889 [JavaFX Application Thread] TRACE easyconduite.controllers.EasyconduiteController - Key L was pressed playpause AudioMediaUI@1b4ea622[styleClass=track-vbox]
18:57:45.225 [JavaFX Application Thread] TRACE easyconduite.controllers.EasyconduiteController - Key L was pressed playpause AudioMediaUI@1b4ea622[styleClass=track-vbox]
18:57:53.484 [JavaFX Application Thread] TRACE easyconduite.controllers.EasyconduiteController - Key L was pressed playpause AudioMediaUI@1b4ea622[styleClass=track-vbox]
18:58:02.412 [JavaFX Application Thread] TRACE easyconduite.controllers.EasyconduiteController - Key L was pressed playpause AudioMediaUI@1b4ea622[styleClass=track-vbox]
18:59:12.447 [JavaFX Application Thread] DEBUG easyconduite.controllers.EasyconduiteController - handlePreferences called
18:59:16.638 [JavaFX Application Thread] TRACE easyconduite.controllers.PreferencesController - PreferencesController handleClickCancel called
18:59:22.336 [JavaFX Application Thread] TRACE easyconduite.objects.AudioTable - AudioTable updated...
18:59:23.595 [JavaFX Application Thread] DEBUG easyconduite.objects.AudioTable - table update
21:01:11.523 [main] FATAL easyconduite.util.LoggingUtilTest - LoggingUtil.setLog4jLevel to FATAL
21:02:26.384 [main] FATAL easyconduite.util.LoggingUtilTest - LoggingUtil.setLog4jLevel to FATAL
21:05:46.115 [main] FATAL easyconduite.util.LoggingUtilTest - LoggingUtil.setLog4jLevel to FATAL
21:11:35.061 [main] FATAL easyconduite.util.LoggingUtilTest - LoggingUtil.setLog4jLevel to FATAL
21:14:23.923 [main] FATAL easyconduite.util.LoggingUtilTest - LoggingUtil.setLog4jLevel to FATAL
21:16:56.207 [main] FATAL easyconduite.util.LoggingUtilTest - LoggingUtil.setLog4jLevel to FATAL
21:19:31.455 [main] FATAL easyconduite.util.LoggingUtilTest - LoggingUtil.setLog4jLevel to FATAL
21:27:35.252 [main] FATAL easyconduite.util.LoggingUtilTest - LoggingUtil.setLog4jLevel to FATAL
21:27:48.780 [main] FATAL easyconduite.util.LoggingUtilTest - LoggingUtil.setLog4jLevel to FATAL
21:27:52.916 [JavaFX Application Thread] DEBUG easyconduite.controllers.EasyconduiteController - Controler initialisation
21:27:52.923 [JavaFX Application Thread] TRACE easyconduite.controllers.EasyconduiteController - Bundle fr loaded
21:27:57.862 [JavaFX Application Thread] DEBUG easyconduite.controllers.EasyconduiteController - handlePreferences called
21:28:01.411 [JavaFX Application Thread] TRACE easyconduite.controllers.PreferencesController - PreferencesController handleClickCancel called
21:28:03.813 [JavaFX Application Thread] DEBUG easyconduite.controllers.EasyconduiteController - handlePreferences called
21:28:05.572 [JavaFX Application Thread] TRACE easyconduite.controllers.PreferencesController - PreferencesController handleClickCancel called
21:28:10.144 [JavaFX Application Thread] DEBUG easyconduite.objects.AudioTable - list vide
21:30:13.106 [main] FATAL easyconduite.util.LoggingUtilTest - LoggingUtil.setLog4jLevel to FATAL
21:33:16.608 [main] FATAL easyconduite.util.LoggingUtilTest - LoggingUtil.setLog4jLevel to FATAL
21:33:21.176 [JavaFX Application Thread] DEBUG easyconduite.controllers.EasyconduiteController - Controler initialisation
21:33:21.183 [JavaFX Application Thread] TRACE easyconduite.controllers.EasyconduiteController - Bundle fr loaded
21:33:24.895 [JavaFX Application Thread] DEBUG easyconduite.objects.AudioTable - list vide
